Error: Player with ID 'barre01' not found in the players dictionary
Error: Player with ID 'barrebi01' not found in the players dictionary
Error: Player with ID 'barrebi01' not found in the players dictionary
Error: Player with ID 'barrebi01' not found in the players dictionary
Error: Player with ID 'barrebi01' not found in the players dictionary
Error: Player with ID 'besti01' not found in the players dictionary
Error: Player with ID 'besti01' not found in the players dictionary
Error: Player with ID 'bolan01' not found in the players dictionary
Error: Player with ID 'booth01' not found in the players dictionary
Error: Player with ID 'boothed01' not found in the players dictionary
Error: Player with ID 'boothed01' not found in the players dictionary
Error: Player with ID 'boothed01' not found in the players dictionary
Error: Player with ID 'brittji01' not found in the players dictionary
Error: Player with ID 'brittji01' not found in the players dictionary
Error: Player with ID 'brown01' not found in the players dictionary
Error: Player with ID 'browned01' not found in the players dictionary
Error: Player with ID 'browned01' not found in the players dictionary
Error: Player with ID 'browned01' not found in the players dictionary
Error: Player with ID 'browned01' not found in the players dictionary
Error: Player with ID 'browned01' not found in the players dictionary
Error: Player with ID 'burkeja01' not found in the players dictionary
Error: Player with ID 'burkeja01' not found in the players dictionary
Error: Player with ID 'burnsji01' not found in the players dictionary
Error: Player with ID 'burnsji01' not found in the players dictionary
Error: Player with ID 'burnsji01' not found in the players dictionary
Error: Player with ID 'burtfr01' not found in the players dictionary
Error: Player with ID 'callapa01' not found in the players dictionary
Error: Player with ID 'campbsa01' not found in the players dictionary
Error: Player with ID 'carroch01' not found in the players dictionary
Error: Player with ID 'caseybi01' not found in the players dictionary
Error: Player with ID 'connoje01' not found in the players dictionary
Error: Player with ID 'connore01' not found in the players dictionary
Error: Player with ID 'crawfge01' not found in the players dictionary
Error: Player with ID 'crawfge01' not found in the players dictionary
Error: Player with ID 'dillojo01' not found in the players dictionary
Error: Player with ID 'donnepe01' not found in the players dictionary
Error: Player with ID 'donnepe01' not found in the players dictionary
Error: Player with ID 'drewda01' not found in the players dictionary
Error: Player with ID 'drewda01' not found in the players dictionary
Error: Player with ID 'drewda01' not found in the players dictionary
Error: Player with ID 'drewda01' not found in the players dictionary
Error: Player with ID 'drewda01' not found in the players dictionary
Error: Player with ID 'dwyerjo01' not found in the players dictionary
Error: Player with ID 'dwyerjo01' not found in the players dictionary
Error: Player with ID 'edwar01' not found in the players dictionary
Error: Player with ID 'edwar01' not found in the players dictionary
Error: Player with ID 'evans01' not found in the players dictionary
Error: Player with ID 'faginfr01' not found in the players dictionary
Error: Player with ID 'farrebi01' not found in the players dictionary
Error: Player with ID 'farrebi01' not found in the players dictionary
Error: Player with ID 'farrebi01' not found in the players dictionary
Error: Player with ID 'frank01' not found in the players dictionary
Error: Player with ID 'gaver01' not found in the players dictionary
Error: Player with ID 'geerbi01' not found in the players dictionary
Error: Player with ID 'geerbi01' not found in the players dictionary
Error: Player with ID 'geerbi01' not found in the players dictionary
Error: Player with ID 'geerbi01' not found in the players dictionary
Error: Player with ID 'geerbi01' not found in the players dictionary
Error: Player with ID 'geerbi01' not found in the players dictionary
Error: Player with ID 'haleyfr01' not found in the players dictionary
Error: Player with ID 'hallal01' not found in the players dictionary
Error: Player with ID 'harribe01' not found in the players dictionary
Error: Player with ID 'harrifr01' not found in the players dictionary
Error: Player with ID 'harrifr01' not found in the players dictionary
Error: Player with ID 'helli01' not found in the players dictionary
Error: Player with ID 'higby01' not found in the players dictionary
Error: Player with ID 'hilde01' not found in the players dictionary
Error: Player with ID 'horanjo01' not found in the players dictionary
Error: Player with ID 'horanjo01' not found in the players dictionary
Error: Player with ID 'howesh01' not found in the players dictionary
Error: Player with ID 'howesh01' not found in the players dictionary
Error: Player with ID 'johnsab01' not found in the players dictionary
Error: Player with ID 'jones02' not found in the players dictionary
Error: Player with ID 'jones03' not found in the players dictionary
Error: Player with ID 'jonesbi01' not found in the players dictionary
Error: Player with ID 'jonesbi01' not found in the players dictionary
Error: Player with ID 'kellybi01' not found in the players dictionary
Error: Player with ID 'kernajo01' not found in the players dictionary
Error: Player with ID 'kernajo01' not found in the players dictionary
Error: Player with ID 'lanech01' not found in the players dictionary
Error: Player with ID 'lanech01' not found in the players dictionary
Error: Player with ID 'lanech01' not found in the players dictionary
Error: Player with ID 'lanech01' not found in the players dictionary
Error: Player with ID 'laughbe01' not found in the players dictionary
Error: Player with ID 'ledwimi01' not found in the players dictionary
Error: Player with ID 'leona01' not found in the players dictionary
Error: Player with ID 'lewis01' not found in the players dictionary
Error: Player with ID 'lewis01' not found in the players dictionary
Error: Player with ID 'lowech01' not found in the players dictionary
Error: Player with ID 'lowryjo01' not found in the players dictionary
Error: Player with ID 'macey01' not found in the players dictionary
Error: Player with ID 'malonma01' not found in the players dictionary
Error: Player with ID 'malonma01' not found in the players dictionary
Error: Player with ID 'malonma01' not found in the players dictionary
Error: Player with ID 'mcbrijo01' not found in the players dictionary
Error: Player with ID 'mcdoo01' not found in the players dictionary
Error: Player with ID 'mcgeepa01' not found in the players dictionary
Error: Player with ID 'mcgeepa01' not found in the players dictionary
Error: Player with ID 'mcgeepa01' not found in the players dictionary
Error: Player with ID 'mcgeepa01' not found in the players dictionary
Error: Player with ID 'mcgui01' not found in the players dictionary
Error: Player with ID 'mckeefr01' not found in the players dictionary
Error: Player with ID 'mckeefr01' not found in the players dictionary
Error: Player with ID 'mckeefr01' not found in the players dictionary
Error: Player with ID 'mckened01' not found in the players dictionary
Error: Player with ID 'mckened01' not found in the players dictionary
Error: Player with ID 'mckened01' not found in the players dictionary
Error: Player with ID 'mckenfr01' not found in the players dictionary
Error: Player with ID 'mcmulge01' not found in the players dictionary
Error: Player with ID 'mcmulge01' not found in the players dictionary
Error: Player with ID 'mcrem01' not found in the players dictionary
Error: Player with ID 'milleed01' not found in the players dictionary
Error: Player with ID 'mooremo01' not found in the players dictionary
Error: Player with ID 'mooremo01' not found in the players dictionary
Error: Player with ID 'mooremo01' not found in the players dictionary
Error: Player with ID 'mooremo01' not found in the players dictionary
Error: Player with ID 'mooremo01' not found in the players dictionary
Error: Player with ID 'mooremo01' not found in the players dictionary
Error: Player with ID 'mullijo01' not found in the players dictionary
Error: Player with ID 'murph01' not found in the players dictionary
Error: Player with ID 'murph01' not found in the players dictionary
Error: Player with ID 'murphcl01' not found in the players dictionary
Error: Player with ID 'odonnjo01' not found in the players dictionary
Error: Player with ID 'oneiljo01' not found in the players dictionary
Error: Player with ID 'orour01' not found in the players dictionary
Error: Player with ID 'pattige01' not found in the players dictionary
Error: Player with ID 'paullo01' not found in the players dictionary
Error: Player with ID 'piercma01' not found in the players dictionary
Error: Player with ID 'quinl01' not found in the players dictionary
Error: Player with ID 'quinnpa01' not found in the players dictionary
Error: Player with ID 'quinnpa01' not found in the players dictionary
Error: Player with ID 'revilhe01' not found in the players dictionary
Error: Player with ID 'richa01' not found in the players dictionary
Error: Player with ID 'rittech01' not found in the players dictionary
Error: Player with ID 'ryanjo02' not found in the players dictionary
Error: Player with ID 'ryanjo02' not found in the players dictionary
Error: Player with ID 'schuljo01' not found in the players dictionary
Error: Player with ID 'scott01' not found in the players dictionary
Error: Player with ID 'scott01' not found in the players dictionary
Error: Player with ID 'shaff01' not found in the players dictionary
Error: Player with ID 'sheppjo01' not found in the players dictionary
Error: Player with ID 'sheppjo01' not found in the players dictionary
Error: Player with ID 'sheri01' not found in the players dictionary
Error: Player with ID 'simpsma01' not found in the players dictionary
Error: Player with ID 'simpsma01' not found in the players dictionary
Error: Player with ID 'skinnal01' not found in the players dictionary
Error: Player with ID 'smith01' not found in the players dictionary
Error: Player with ID 'smith01' not found in the players dictionary
Error: Player with ID 'smithbi01' not found in the players dictionary
Error: Player with ID 'smithbi01' not found in the players dictionary
Error: Player with ID 'smithbi01' not found in the players dictionary
Error: Player with ID 'smithjo01' not found in the players dictionary
Error: Player with ID 'smithjo01' not found in the players dictionary
Error: Player with ID 'spenc01' not found in the players dictionary
Error: Player with ID 'staffbo01' not found in the players dictionary
Error: Player with ID 'stanljo01' not found in the players dictionary
Error: Player with ID 'stapljo01' not found in the players dictionary
Error: Player with ID 'stapljo01' not found in the players dictionary
Error: Player with ID 'sterljo01' not found in the players dictionary
Error: Player with ID 'stodd01' not found in the players dictionary
Error: Player with ID 'sulli01' not found in the players dictionary
Error: Player with ID 'sweigha01' not found in the players dictionary
Error: Player with ID 'valenbo01' not found in the players dictionary
Error: Player with ID 'wardjo02' not found in the players dictionary
Error: Player with ID 'williwa01' not found in the players dictionary
Error: Player with ID 'williwa01' not found in the players dictionary
Error: Player with ID 'wills01' not found in the players dictionary
Error: Player with ID 'wood01' not found in the players dictionary
Error: Player with ID 'yostgu01' not found in the players dictionary
Error: Player with ID 'zay01' not found in the players dictionary
Error: Player with ID 'zay01' not found in the players dictionary
